<?xml version="1.0" encoding="UTF-8"?>
<!-- Generated by org.testng.reporters.JUnitReportReporter -->
<testsuite hostname="TG5CD2141TFJ" failures="0" tests="1" name="test.java.webshop.Tests" time="9.014" errors="0" timestamp="2023-08-11T18:13:06 CLT" skipped="0">
  <testcase classname="test.java.webshop.Tests" name="comprarDesdeMenuCategorias" time="9.014"/>
  <system-out/>
</testsuite> <!-- test.java.webshop.Tests -->
